This is pTeX, Version p3.0.1, based on TeX, Version 3.14159 (SJIS) (Web2C 7.3.3) (format=platex 2002.1.19)  17 OCT 2002 00:32
**shiken3.tex
(./shiken3.tex
pLaTeX2e <2001/09/04>+0 (based on LaTeX2e <2001/06/01> patch level 0)
(c:/usr/local/share/texmf/ptex/platex/base/jarticle.cls
Document Class: jarticle 2001/10/04 v1.3 Standard pLaTeX class
\c@@paper=\count81
(c:/usr/local/share/texmf/ptex/platex/base/jsize11.clo
File: jsize11.clo 2001/10/04 v1.3 Standard pLaTeX file (size option)
)
\c@part=\count82
\c@section=\count83
\c@subsection=\count84
\c@subsubsection=\count85
\c@paragraph=\count86
\c@subparagraph=\count87
\c@figure=\count88
\c@table=\count89
\abovecaptionskip=\skip41
\belowcaptionskip=\skip42
\symmincho=\mathgroup4
LaTeX Font Info:    Overwriting symbol font `mincho' in version `bold'
(Font)                  JY1/mc/m/n --> JY1/gt/m/n on input line 597.
LaTeX Info: Redefining \mathrm on input line 599.
LaTeX Info: Redefining \mathbf on input line 600.
\toclineskip=\dimen118
\@lnumwidth=\dimen119
\bibindent=\dimen120
\heisei=\count90
) (./bsd.sty
\BOXNOTEWIDTH=\skip43
)
No file shiken3.aux.
\openout1 = `shiken3.aux'.

LaTeX Font Info:    Checking defaults for OML/cmm/m/it on input line 4.
LaTeX Font Info:    ... okay on input line 4.
LaTeX Font Info:    Checking defaults for T1/cmr/m/n on input line 4.
LaTeX Font Info:    ... okay on input line 4.
LaTeX Font Info:    Checking defaults for OT1/cmr/m/n on input line 4.
LaTeX Font Info:    ... okay on input line 4.
LaTeX Font Info:    Checking defaults for OMS/cmsy/m/n on input line 4.
LaTeX Font Info:    ... okay on input line 4.
LaTeX Font Info:    Checking defaults for OMX/cmex/m/n on input line 4.
LaTeX Font Info:    ... okay on input line 4.
LaTeX Font Info:    Checking defaults for U/cmr/m/n on input line 4.
LaTeX Font Info:    ... okay on input line 4.
LaTeX Font Info:    Checking defaults for JY1/mc/m/n on input line 4.
LaTeX Font Info:    ... okay on input line 4.
LaTeX Font Info:    Checking defaults for JT1/mc/m/n on input line 4.
LaTeX Font Info:    ... okay on input line 4.
LaTeX Font Info:    Font shape `JY1/mc/bx/n' in size <10.95> not available
(Font)              Font shape `JY1/gt/m/n' tried instead on input line 7.
LaTeX Font Info:    Font shape `JT1/mc/bx/n' in size <10.95> not available
(Font)              Font shape `JT1/gt/m/n' tried instead on input line 7.
LaTeX Font Info:    Font shape `JY1/mc/bx/n' in size <14.4> not available
(Font)              Font shape `JY1/gt/m/n' tried instead on input line 7.
LaTeX Font Info:    Font shape `JT1/mc/bx/n' in size <14.4> not available
(Font)              Font shape `JT1/gt/m/n' tried instead on input line 7.
LaTeX Font Info:    Font shape `JY1/mc/bx/n' in size <12> not available
(Font)              Font shape `JY1/gt/m/n' tried instead on input line 27.
LaTeX Font Info:    Font shape `JT1/mc/bx/n' in size <12> not available
(Font)              Font shape `JT1/gt/m/n' tried instead on input line 27.
[1

] [2] (./shiken3.aux) ) 
Here is how much of TeX's memory you used:
 303 strings out of 30603
 2994 string characters out of 67010
 52529 words of memory out of 1200001
 3482 multiletter control sequences out of 10000+15000
 11636 words of font info for 47 fonts, out of 400000 for 1000
 14 hyphenation exceptions out of 1000
 22i,4n,19p,132b,253s stack positions out of 300i,100n,500p,50000b,40000s

Output written on shiken3.dvi (2 pages, 3788 bytes).
